Content-Type: multipart/alternative; boundary="===============1242828488=="
MIME-Version: 1.0
Subject: Restore password
From: test@example.com
To: imranshakil77@gmail.com
Date: Sat, 06 Oct 2018 20:00:57 -0000
Message-ID: <153885605747.8052.3163204146085436497@DESKTOP-35R6L01>

--===============1242828488==
Content-Type: text/plain; charset="utf-8"
MIME-Version: 1.0
Content-Transfer-Encoding: 7bit



You received this email because you requested a password reset for your user account.

Please, go to the following page and choose a new password:

http://127.0.0.1:8000/accounts/restore/MQ/508-fb84575db85b1f41363b/

--===============1242828488==
Content-Type: text/html; charset="utf-8"
MIME-Version: 1.0
Content-Transfer-Encoding: 7bit



<!DOCTYPE html PUBLIC "-//W3C//DTD XHTML 1.0 Transitional//EN"
        "http://www.w3.org/TR/xhtml1/DTD/xhtml1-transitional.dtd">
<html xmlns="http://www.w3.org/1999/xhtml">
<head>
    <meta http-equiv="Content-Type" content="text/html; charset=UTF-8"/>
    <title>Restore password</title>
    <meta name="viewport" content="width=device-width, initial-scale=1.0"/>
</head>

<body>

<p>
    You received this email because you requested a password reset for your user account.
</p>

<p>
    Please, go to the following page and choose a new password:
</p>

<p>
    <a href="http://127.0.0.1:8000/accounts/restore/MQ/508-fb84575db85b1f41363b/">http://127.0.0.1:8000/accounts/restore/MQ/508-fb84575db85b1f41363b/</a>
</p>

</body>

</html>

--===============1242828488==--

-------------------------------------------------------------------------------
