Content-Type: multipart/alternative; boundary="===============1884510242=="
MIME-Version: 1.0
Subject: Profile activation
From: test@example.com
To: imranshakil7712@gmail.com
Date: Sat, 06 Oct 2018 19:40:48 -0000
Message-ID: <153885484881.8052.1480922530052883368@DESKTOP-35R6L01>

--===============1884510242==
Content-Type: text/plain; charset="utf-8"
MIME-Version: 1.0
Content-Transfer-Encoding: 7bit



To activate your profile, please follow this link:

http://127.0.0.1:8000/accounts/activate/vzTNMJWsVcVETspPdexu/

--===============1884510242==
Content-Type: text/html; charset="utf-8"
MIME-Version: 1.0
Content-Transfer-Encoding: 7bit



<!DOCTYPE html PUBLIC "-//W3C//DTD XHTML 1.0 Transitional//EN"
        "http://www.w3.org/TR/xhtml1/DTD/xhtml1-transitional.dtd">
<html xmlns="http://www.w3.org/1999/xhtml">
<head>
    <meta http-equiv="Content-Type" content="text/html; charset=UTF-8"/>
    <title>Profile activation</title>
    <meta name="viewport" content="width=device-width, initial-scale=1.0"/>
</head>

<body>

<p>
    To activate your profile, please follow this link:
</p>

<p>
    <a href="http://127.0.0.1:8000/accounts/activate/vzTNMJWsVcVETspPdexu/">http://127.0.0.1:8000/accounts/activate/vzTNMJWsVcVETspPdexu/</a>
</p>

</body>

</html>

--===============1884510242==--

-------------------------------------------------------------------------------
